2015-06-30 09:03:35,992 -root - INFO - Starting CALIPSO program
2015-06-30 09:03:36,053 -__main__ - INFO - Instantiating Calipso
2015-06-30 09:03:36,053 -toolswindow - INFO - Instantiating ToolsWindow
2015-06-30 09:03:36,069 -polygon.list - INFO - Creating PolygonList
2015-06-30 09:03:36,069 -polygon.drawer - INFO - Creating PolygonDrawer
2015-06-30 09:03:36,069 -polygon.drawer - INFO - Creating PolygonDrawer
2015-06-30 09:03:36,069 -polygon.drawer - INFO - Creating PolygonDrawer
2015-06-30 09:03:36,069 -polygon.drawer - INFO - Creating PolygonDrawer
2015-06-30 09:03:36,069 -polygon.reader - INFO - Instantiating PolygonReader
2015-06-30 09:03:36,069 -db - INFO - Querying unique tag
2015-06-30 09:03:36,069 -tools.tools - INFO - Instantiating Observer
2015-06-30 09:03:36,069 -__main__ - INFO - Setting up window
2015-06-30 09:03:36,069 -__main__ - INFO - Setting up menu
2015-06-30 09:03:36,085 -__main__ - INFO - Setting up main screen
2015-06-30 09:03:36,085 -__main__ - INFO - Creating top screen GUI
2015-06-30 09:03:36,085 -toolswindow - INFO - Setting up toolbar
2015-06-30 09:03:36,085 -toolswindow - INFO - Creating magnify button
2015-06-30 09:03:36,085 -toolswindow - INFO - ToolsWindo: Creating move plot button
2015-06-30 09:03:36,085 -toolswindow - INFO - Creating undo button
2015-06-30 09:03:36,085 -toolswindow - INFO - Creating redo button
2015-06-30 09:03:36,085 -toolswindow - INFO - Creating rectangle button
2015-06-30 09:03:36,085 -__main__ - INFO - Getting PolygonList
2015-06-30 09:03:36,085 -__main__ - INFO - Getting PolygonList
2015-06-30 09:03:36,085 -__main__ - INFO - Getting PolygonList
2015-06-30 09:03:36,085 -toolswindow - INFO - Creating free draw button
2015-06-30 09:03:36,085 -__main__ - INFO - Getting PolygonList
2015-06-30 09:03:36,085 -toolswindow - INFO - Creating move polygon button
2015-06-30 09:03:36,085 -__main__ - INFO - Getting PolygonList
2015-06-30 09:03:36,085 -toolswindow - INFO - ToolsWindo: Creating erase button
2015-06-30 09:03:36,101 -__main__ - INFO - Getting PolygonList
2015-06-30 09:03:36,101 -toolswindow - INFO - Creating recolor button
2015-06-30 09:03:36,101 -__main__ - INFO - Getting PolygonList
2015-06-30 09:03:36,101 -toolswindow - INFO - Creating outline button
2015-06-30 09:03:36,101 -toolswindow - INFO - Creating hide button
2015-06-30 09:03:36,101 -toolswindow - INFO - Creating save button
2015-06-30 09:03:36,101 -toolswindow - INFO - Creating load button
2015-06-30 09:03:36,101 -toolswindow - INFO - Creating properties button
2015-06-30 09:03:36,101 -__main__ - INFO - Getting PolygonList
2015-06-30 09:03:36,101 -toolswindow - INFO - Creating attributes button
2015-06-30 09:03:36,101 -__main__ - WARNING - Setting plot to base plot
2015-06-30 09:03:36,101 -polygon.list - WARNING - Set plot for PolygonList to base plot
2015-06-30 09:03:37,181 -__main__ - INFO - Importing HDF file
2015-06-30 09:03:41,809 -__main__ - INFO - Setting plot to backscattered
2015-06-30 09:03:43,091 -polygon.list - INFO - Set plot for PolygonList to backscattered
2015-06-30 09:03:44,279 -polygon.list - INFO - Anchoring rectangle
2015-06-30 09:03:44,279 -polygon.drawer - INFO - Anchoring rectangle
2015-06-30 09:03:44,279 -__main__ - INFO - Getting toolbar
2015-06-30 09:03:44,309 -polygon.list - INFO - Rubberbanding
2015-06-30 09:03:44,309 -polygon.drawer - INFO - Rubberbanding
2015-06-30 09:03:44,309 -polygon.list - INFO - Rubberbanding
2015-06-30 09:03:44,309 -polygon.drawer - INFO - Rubberbanding
2015-06-30 09:03:44,341 -polygon.list - INFO - Rubberbanding
2015-06-30 09:03:44,341 -polygon.drawer - INFO - Rubberbanding
2015-06-30 09:03:44,372 -polygon.list - INFO - Rubberbanding
2015-06-30 09:03:44,372 -polygon.drawer - INFO - Rubberbanding
2015-06-30 09:03:44,404 -polygon.list - INFO - Rubberbanding
2015-06-30 09:03:44,404 -polygon.drawer - INFO - Rubberbanding
2015-06-30 09:03:44,434 -polygon.list - INFO - Creating rectangle
2015-06-30 09:03:44,434 -polygon.drawer - INFO - Creating rectangle
2015-06-30 09:03:44,434 -__main__ - INFO - Getting toolbar
2015-06-30 09:03:44,434 -polygon.list - INFO - Generated new tag
2015-06-30 09:03:44,434 -polygon.drawer - INFO - Setting tag
2015-06-30 09:03:44,434 -polygon.drawer - INFO - Creating PolygonDrawer
2015-06-30 09:03:44,684 -polygon.list - INFO - Anchoring rectangle
2015-06-30 09:03:44,684 -polygon.drawer - INFO - Anchoring rectangle
2015-06-30 09:03:44,684 -__main__ - INFO - Getting toolbar
2015-06-30 09:03:44,716 -polygon.list - INFO - Rubberbanding
2015-06-30 09:03:44,716 -polygon.drawer - INFO - Rubberbanding
2015-06-30 09:03:44,719 -polygon.list - INFO - Rubberbanding
2015-06-30 09:03:44,719 -polygon.drawer - INFO - Rubberbanding
2015-06-30 09:03:44,782 -polygon.list - INFO - Rubberbanding
2015-06-30 09:03:44,782 -polygon.drawer - INFO - Rubberbanding
2015-06-30 09:03:44,782 -polygon.list - INFO - Rubberbanding
2015-06-30 09:03:44,782 -polygon.drawer - INFO - Rubberbanding
2015-06-30 09:03:44,812 -polygon.list - INFO - Rubberbanding
2015-06-30 09:03:44,812 -polygon.drawer - INFO - Rubberbanding
2015-06-30 09:03:44,845 -polygon.list - INFO - Rubberbanding
2015-06-30 09:03:44,845 -polygon.drawer - INFO - Rubberbanding
2015-06-30 09:03:44,845 -polygon.list - INFO - Creating rectangle
2015-06-30 09:03:44,845 -polygon.drawer - INFO - Creating rectangle
2015-06-30 09:03:44,845 -__main__ - INFO - Getting toolbar
2015-06-30 09:03:44,845 -polygon.list - INFO - Generated new tag
2015-06-30 09:03:44,845 -polygon.drawer - INFO - Setting tag
2015-06-30 09:03:44,845 -polygon.drawer - INFO - Creating PolygonDrawer
2015-06-30 09:03:45,125 -polygon.list - INFO - Anchoring rectangle
2015-06-30 09:03:45,125 -polygon.drawer - INFO - Anchoring rectangle
2015-06-30 09:03:45,125 -__main__ - INFO - Getting toolbar
2015-06-30 09:03:45,157 -polygon.list - INFO - Rubberbanding
2015-06-30 09:03:45,157 -polygon.drawer - INFO - Rubberbanding
2015-06-30 09:03:45,187 -polygon.list - INFO - Rubberbanding
2015-06-30 09:03:45,187 -polygon.drawer - INFO - Rubberbanding
2015-06-30 09:03:45,219 -polygon.list - INFO - Rubberbanding
2015-06-30 09:03:45,219 -polygon.drawer - INFO - Rubberbanding
2015-06-30 09:03:45,250 -polygon.list - INFO - Rubberbanding
2015-06-30 09:03:45,250 -polygon.drawer - INFO - Rubberbanding
2015-06-30 09:03:45,250 -polygon.list - INFO - Creating rectangle
2015-06-30 09:03:45,250 -polygon.drawer - INFO - Creating rectangle
2015-06-30 09:03:45,250 -__main__ - INFO - Getting toolbar
2015-06-30 09:03:45,250 -polygon.list - INFO - Generated new tag
2015-06-30 09:03:45,250 -polygon.drawer - INFO - Setting tag
2015-06-30 09:03:45,250 -polygon.drawer - INFO - Creating PolygonDrawer
2015-06-30 09:03:45,627 -polygon.list - INFO - Anchoring rectangle
2015-06-30 09:03:45,627 -polygon.drawer - INFO - Anchoring rectangle
2015-06-30 09:03:45,627 -__main__ - INFO - Getting toolbar
2015-06-30 09:03:45,627 -polygon.list - INFO - Rubberbanding
2015-06-30 09:03:45,627 -polygon.drawer - INFO - Rubberbanding
2015-06-30 09:03:45,657 -polygon.list - INFO - Rubberbanding
2015-06-30 09:03:45,657 -polygon.drawer - INFO - Rubberbanding
2015-06-30 09:03:45,688 -polygon.list - INFO - Rubberbanding
2015-06-30 09:03:45,688 -polygon.drawer - INFO - Rubberbanding
2015-06-30 09:03:45,720 -polygon.list - INFO - Rubberbanding
2015-06-30 09:03:45,720 -polygon.drawer - INFO - Rubberbanding
2015-06-30 09:03:45,752 -polygon.list - INFO - Rubberbanding
2015-06-30 09:03:45,752 -polygon.drawer - INFO - Rubberbanding
2015-06-30 09:03:45,752 -polygon.list - INFO - Rubberbanding
2015-06-30 09:03:45,752 -polygon.drawer - INFO - Rubberbanding
2015-06-30 09:03:45,783 -polygon.list - INFO - Creating rectangle
2015-06-30 09:03:45,783 -polygon.drawer - INFO - Creating rectangle
2015-06-30 09:03:45,783 -__main__ - INFO - Getting toolbar
2015-06-30 09:03:45,783 -polygon.list - INFO - Generated new tag
2015-06-30 09:03:45,783 -polygon.drawer - INFO - Setting tag
2015-06-30 09:03:45,783 -polygon.drawer - INFO - Creating PolygonDrawer
2015-06-30 09:03:46,282 -polygon.list - INFO - Anchoring rectangle
2015-06-30 09:03:46,282 -polygon.drawer - INFO - Anchoring rectangle
2015-06-30 09:03:46,282 -__main__ - INFO - Getting toolbar
2015-06-30 09:03:46,346 -polygon.list - INFO - Rubberbanding
2015-06-30 09:03:46,346 -polygon.drawer - INFO - Rubberbanding
2015-06-30 09:03:46,378 -polygon.list - INFO - Rubberbanding
2015-06-30 09:03:46,378 -polygon.drawer - INFO - Rubberbanding
2015-06-30 09:03:46,410 -polygon.list - INFO - Rubberbanding
2015-06-30 09:03:46,410 -polygon.drawer - INFO - Rubberbanding
2015-06-30 09:03:46,440 -polygon.list - INFO - Rubberbanding
2015-06-30 09:03:46,440 -polygon.drawer - INFO - Rubberbanding
2015-06-30 09:03:46,440 -polygon.list - INFO - Creating rectangle
2015-06-30 09:03:46,440 -polygon.drawer - INFO - Creating rectangle
2015-06-30 09:03:46,440 -__main__ - INFO - Getting toolbar
2015-06-30 09:03:46,440 -polygon.list - INFO - Generated new tag
2015-06-30 09:03:46,440 -polygon.drawer - INFO - Setting tag
2015-06-30 09:03:46,440 -polygon.drawer - INFO - Creating PolygonDrawer
2015-06-30 09:03:46,690 -polygon.list - INFO - Anchoring rectangle
2015-06-30 09:03:46,690 -polygon.drawer - INFO - Anchoring rectangle
2015-06-30 09:03:46,690 -__main__ - INFO - Getting toolbar
2015-06-30 09:03:46,721 -polygon.list - INFO - Rubberbanding
2015-06-30 09:03:46,721 -polygon.drawer - INFO - Rubberbanding
2015-06-30 09:03:46,753 -polygon.list - INFO - Rubberbanding
2015-06-30 09:03:46,753 -polygon.drawer - INFO - Rubberbanding
2015-06-30 09:03:46,783 -polygon.list - INFO - Rubberbanding
2015-06-30 09:03:46,783 -polygon.drawer - INFO - Rubberbanding
2015-06-30 09:03:46,815 -polygon.list - INFO - Rubberbanding
2015-06-30 09:03:46,815 -polygon.drawer - INFO - Rubberbanding
2015-06-30 09:03:46,815 -polygon.list - INFO - Rubberbanding
2015-06-30 09:03:46,815 -polygon.drawer - INFO - Rubberbanding
2015-06-30 09:03:46,845 -polygon.list - INFO - Rubberbanding
2015-06-30 09:03:46,845 -polygon.drawer - INFO - Rubberbanding
2015-06-30 09:03:46,845 -polygon.list - INFO - Rubberbanding
2015-06-30 09:03:46,845 -polygon.drawer - INFO - Rubberbanding
2015-06-30 09:03:46,845 -polygon.list - INFO - Creating rectangle
2015-06-30 09:03:46,845 -polygon.drawer - INFO - Creating rectangle
2015-06-30 09:03:46,845 -__main__ - INFO - Getting toolbar
2015-06-30 09:03:46,845 -polygon.list - INFO - Generated new tag
2015-06-30 09:03:46,845 -polygon.drawer - INFO - Setting tag
2015-06-30 09:03:46,845 -polygon.drawer - INFO - Creating PolygonDrawer
2015-06-30 09:03:48,694 -polygon.list - INFO - Toggling drag
2015-06-30 09:03:48,694 -polygon.drawer - INFO - Toggling drag
2015-06-30 09:03:49,036 -polygon.list - INFO - Received mouse click to drag
2015-06-30 09:03:49,036 -__main__ - INFO - Getting toolbar
2015-06-30 09:03:49,099 -polygon.list - INFO - Received mouse motion for dragging
2015-06-30 09:03:49,099 -__main__ - INFO - Getting toolbar
2015-06-30 09:03:49,099 -polygon.drawer - INFO - Getting item handler
2015-06-30 09:03:49,099 -polygon.drawer - INFO - Getting item handler
2015-06-30 09:03:49,099 -polygon.drawer - INFO - Getting item handler
2015-06-30 09:03:49,099 -polygon.drawer - INFO - Moving polygon
2015-06-30 09:03:49,099 -polygon.drawer - INFO - Getting item handler
2015-06-30 09:03:49,099 -polygon.drawer - INFO - Getting item handler
2015-06-30 09:03:49,099 -polygon.drawer - INFO - Getting item handler
2015-06-30 09:03:49,099 -polygon.drawer - INFO - Getting item handler
2015-06-30 09:03:49,131 -polygon.list - INFO - Received mouse motion for dragging
2015-06-30 09:03:49,131 -__main__ - INFO - Getting toolbar
2015-06-30 09:03:49,131 -polygon.drawer - INFO - Getting item handler
2015-06-30 09:03:49,131 -polygon.drawer - INFO - Getting item handler
2015-06-30 09:03:49,131 -polygon.drawer - INFO - Getting item handler
2015-06-30 09:03:49,131 -polygon.drawer - INFO - Moving polygon
2015-06-30 09:03:49,131 -polygon.drawer - INFO - Getting item handler
2015-06-30 09:03:49,131 -polygon.drawer - INFO - Getting item handler
2015-06-30 09:03:49,131 -polygon.drawer - INFO - Getting item handler
2015-06-30 09:03:49,131 -polygon.drawer - INFO - Getting item handler
2015-06-30 09:03:49,161 -polygon.list - INFO - Received mouse motion for dragging
2015-06-30 09:03:49,161 -__main__ - INFO - Getting toolbar
2015-06-30 09:03:49,161 -polygon.drawer - INFO - Getting item handler
2015-06-30 09:03:49,161 -polygon.drawer - INFO - Getting item handler
2015-06-30 09:03:49,161 -polygon.drawer - INFO - Getting item handler
2015-06-30 09:03:49,161 -polygon.drawer - INFO - Moving polygon
2015-06-30 09:03:49,161 -polygon.drawer - INFO - Getting item handler
2015-06-30 09:03:49,161 -polygon.drawer - INFO - Getting item handler
2015-06-30 09:03:49,161 -polygon.drawer - INFO - Getting item handler
2015-06-30 09:03:49,161 -polygon.drawer - INFO - Getting item handler
2015-06-30 09:03:49,178 -polygon.list - INFO - Received mouse motion for dragging
2015-06-30 09:03:49,178 -__main__ - INFO - Getting toolbar
2015-06-30 09:03:49,178 -polygon.drawer - INFO - Getting item handler
2015-06-30 09:03:49,178 -polygon.drawer - INFO - Getting item handler
2015-06-30 09:03:49,178 -polygon.drawer - INFO - Getting item handler
2015-06-30 09:03:49,178 -polygon.drawer - INFO - Moving polygon
2015-06-30 09:03:49,178 -polygon.drawer - INFO - Getting item handler
2015-06-30 09:03:49,178 -polygon.drawer - INFO - Getting item handler
2015-06-30 09:03:49,178 -polygon.drawer - INFO - Getting item handler
2015-06-30 09:03:49,178 -polygon.drawer - INFO - Getting item handler
2015-06-30 09:03:49,224 -polygon.list - INFO - Received mouse motion for dragging
2015-06-30 09:03:49,224 -__main__ - INFO - Getting toolbar
2015-06-30 09:03:49,224 -polygon.drawer - INFO - Getting item handler
2015-06-30 09:03:49,224 -polygon.drawer - INFO - Getting item handler
2015-06-30 09:03:49,224 -polygon.drawer - INFO - Getting item handler
2015-06-30 09:03:49,224 -polygon.drawer - INFO - Moving polygon
2015-06-30 09:03:49,224 -polygon.drawer - INFO - Getting item handler
2015-06-30 09:03:49,224 -polygon.drawer - INFO - Getting item handler
2015-06-30 09:03:49,224 -polygon.drawer - INFO - Getting item handler
2015-06-30 09:03:49,224 -polygon.drawer - INFO - Getting item handler
2015-06-30 09:03:49,256 -polygon.list - INFO - Received mouse motion for dragging
2015-06-30 09:03:49,256 -__main__ - INFO - Getting toolbar
2015-06-30 09:03:49,256 -polygon.drawer - INFO - Getting item handler
2015-06-30 09:03:49,256 -polygon.drawer - INFO - Getting item handler
2015-06-30 09:03:49,256 -polygon.drawer - INFO - Getting item handler
2015-06-30 09:03:49,256 -polygon.drawer - INFO - Moving polygon
2015-06-30 09:03:49,256 -polygon.drawer - INFO - Getting item handler
2015-06-30 09:03:49,256 -polygon.drawer - INFO - Getting item handler
2015-06-30 09:03:49,256 -polygon.drawer - INFO - Getting item handler
2015-06-30 09:03:49,256 -polygon.drawer - INFO - Getting item handler
2015-06-30 09:03:49,288 -polygon.list - INFO - Received mouse motion for dragging
2015-06-30 09:03:49,288 -__main__ - INFO - Getting toolbar
2015-06-30 09:03:49,288 -polygon.drawer - INFO - Getting item handler
2015-06-30 09:03:49,288 -polygon.drawer - INFO - Getting item handler
2015-06-30 09:03:49,288 -polygon.drawer - INFO - Getting item handler
2015-06-30 09:03:49,288 -polygon.drawer - INFO - Moving polygon
2015-06-30 09:03:49,288 -polygon.drawer - INFO - Getting item handler
2015-06-30 09:03:49,288 -polygon.drawer - INFO - Getting item handler
2015-06-30 09:03:49,288 -polygon.drawer - INFO - Getting item handler
2015-06-30 09:03:49,288 -polygon.drawer - INFO - Getting item handler
2015-06-30 09:03:49,349 -polygon.list - INFO - Received mouse motion for dragging
2015-06-30 09:03:49,349 -__main__ - INFO - Getting toolbar
2015-06-30 09:03:49,349 -polygon.drawer - INFO - Getting item handler
2015-06-30 09:03:49,349 -polygon.drawer - INFO - Getting item handler
2015-06-30 09:03:49,349 -polygon.drawer - INFO - Getting item handler
2015-06-30 09:03:49,349 -polygon.drawer - INFO - Moving polygon
2015-06-30 09:03:49,349 -polygon.drawer - INFO - Getting item handler
2015-06-30 09:03:49,349 -polygon.drawer - INFO - Getting item handler
2015-06-30 09:03:49,349 -polygon.drawer - INFO - Getting item handler
2015-06-30 09:03:49,349 -polygon.drawer - INFO - Getting item handler
2015-06-30 09:03:49,349 -polygon.list - INFO - Received mouse motion for dragging
2015-06-30 09:03:49,349 -__main__ - INFO - Getting toolbar
2015-06-30 09:03:49,349 -polygon.drawer - INFO - Getting item handler
2015-06-30 09:03:49,349 -polygon.drawer - INFO - Getting item handler
2015-06-30 09:03:49,349 -polygon.drawer - INFO - Getting item handler
2015-06-30 09:03:49,349 -polygon.drawer - INFO - Moving polygon
2015-06-30 09:03:49,349 -polygon.drawer - INFO - Getting item handler
2015-06-30 09:03:49,349 -polygon.drawer - INFO - Getting item handler
2015-06-30 09:03:49,349 -polygon.drawer - INFO - Getting item handler
2015-06-30 09:03:49,349 -polygon.drawer - INFO - Getting item handler
2015-06-30 09:03:49,381 -polygon.list - INFO - Received mouse motion for dragging
2015-06-30 09:03:49,381 -__main__ - INFO - Getting toolbar
2015-06-30 09:03:49,381 -polygon.drawer - INFO - Getting item handler
2015-06-30 09:03:49,381 -polygon.drawer - INFO - Getting item handler
2015-06-30 09:03:49,381 -polygon.drawer - INFO - Getting item handler
2015-06-30 09:03:49,381 -polygon.drawer - INFO - Moving polygon
2015-06-30 09:03:49,381 -polygon.drawer - INFO - Getting item handler
2015-06-30 09:03:49,381 -polygon.drawer - INFO - Getting item handler
2015-06-30 09:03:49,381 -polygon.drawer - INFO - Getting item handler
2015-06-30 09:03:49,381 -polygon.drawer - INFO - Getting item handler
2015-06-30 09:03:49,381 -polygon.list - INFO - Received mouse motion for dragging
2015-06-30 09:03:49,381 -__main__ - INFO - Getting toolbar
2015-06-30 09:03:49,381 -polygon.drawer - INFO - Getting item handler
2015-06-30 09:03:49,381 -polygon.drawer - INFO - Getting item handler
2015-06-30 09:03:49,381 -polygon.drawer - INFO - Getting item handler
2015-06-30 09:03:49,381 -polygon.drawer - INFO - Moving polygon
2015-06-30 09:03:49,381 -polygon.drawer - INFO - Getting item handler
2015-06-30 09:03:49,381 -polygon.drawer - INFO - Getting item handler
2015-06-30 09:03:49,381 -polygon.drawer - INFO - Getting item handler
2015-06-30 09:03:49,381 -polygon.drawer - INFO - Getting item handler
2015-06-30 09:03:49,413 -polygon.list - INFO - Received mouse motion for dragging
2015-06-30 09:03:49,413 -__main__ - INFO - Getting toolbar
2015-06-30 09:03:49,413 -polygon.drawer - INFO - Getting item handler
2015-06-30 09:03:49,413 -polygon.drawer - INFO - Getting item handler
2015-06-30 09:03:49,413 -polygon.drawer - INFO - Getting item handler
2015-06-30 09:03:49,413 -polygon.drawer - INFO - Moving polygon
2015-06-30 09:03:49,413 -polygon.drawer - INFO - Getting item handler
2015-06-30 09:03:49,413 -polygon.drawer - INFO - Getting item handler
2015-06-30 09:03:49,413 -polygon.drawer - INFO - Getting item handler
2015-06-30 09:03:49,413 -polygon.drawer - INFO - Getting item handler
2015-06-30 09:03:49,444 -polygon.list - INFO - Received mouse motion for dragging
2015-06-30 09:03:49,444 -__main__ - INFO - Getting toolbar
2015-06-30 09:03:49,444 -polygon.drawer - INFO - Getting item handler
2015-06-30 09:03:49,444 -polygon.drawer - INFO - Getting item handler
2015-06-30 09:03:49,444 -polygon.drawer - INFO - Getting item handler
2015-06-30 09:03:49,444 -polygon.drawer - INFO - Moving polygon
2015-06-30 09:03:49,444 -polygon.drawer - INFO - Getting item handler
2015-06-30 09:03:49,444 -polygon.drawer - INFO - Getting item handler
2015-06-30 09:03:49,444 -polygon.drawer - INFO - Getting item handler
2015-06-30 09:03:49,444 -polygon.drawer - INFO - Getting item handler
2015-06-30 09:03:49,474 -polygon.list - INFO - Received mouse motion for dragging
2015-06-30 09:03:49,474 -__main__ - INFO - Getting toolbar
2015-06-30 09:03:49,474 -polygon.drawer - INFO - Getting item handler
2015-06-30 09:03:49,474 -polygon.drawer - INFO - Getting item handler
2015-06-30 09:03:49,474 -polygon.drawer - INFO - Getting item handler
2015-06-30 09:03:49,474 -polygon.drawer - INFO - Moving polygon
2015-06-30 09:03:49,474 -polygon.drawer - INFO - Getting item handler
2015-06-30 09:03:49,474 -polygon.drawer - INFO - Getting item handler
2015-06-30 09:03:49,474 -polygon.drawer - INFO - Getting item handler
2015-06-30 09:03:49,474 -polygon.drawer - INFO - Getting item handler
2015-06-30 09:03:49,506 -polygon.list - INFO - Received mouse motion for dragging
2015-06-30 09:03:49,506 -__main__ - INFO - Getting toolbar
2015-06-30 09:03:49,506 -polygon.drawer - INFO - Getting item handler
2015-06-30 09:03:49,506 -polygon.drawer - INFO - Getting item handler
2015-06-30 09:03:49,506 -polygon.drawer - INFO - Getting item handler
2015-06-30 09:03:49,506 -polygon.drawer - INFO - Moving polygon
2015-06-30 09:03:49,506 -polygon.drawer - INFO - Getting item handler
2015-06-30 09:03:49,506 -polygon.drawer - INFO - Getting item handler
2015-06-30 09:03:49,506 -polygon.drawer - INFO - Getting item handler
2015-06-30 09:03:49,506 -polygon.drawer - INFO - Getting item handler
2015-06-30 09:03:49,599 -polygon.list - INFO - Mouse relased on dragging
2015-06-30 09:03:54,861 -polygon.list - INFO - Plotting point
2015-06-30 09:03:54,861 -polygon.drawer - INFO - Plotting point
2015-06-30 09:03:54,861 -__main__ - INFO - Getting toolbar
2015-06-30 09:03:55,142 -polygon.list - INFO - Plotting point
2015-06-30 09:03:55,142 -polygon.drawer - INFO - Plotting point
2015-06-30 09:03:55,142 -__main__ - INFO - Getting toolbar
2015-06-30 09:03:55,142 -polygon.drawer - INFO - Drawing line from plot
2015-06-30 09:03:55,391 -polygon.list - INFO - Plotting point
2015-06-30 09:03:55,391 -polygon.drawer - INFO - Plotting point
2015-06-30 09:03:55,391 -__main__ - INFO - Getting toolbar
2015-06-30 09:03:55,391 -polygon.drawer - INFO - Drawing line from plot
2015-06-30 09:03:55,641 -polygon.list - INFO - Plotting point
2015-06-30 09:03:55,641 -polygon.drawer - INFO - Plotting point
2015-06-30 09:03:55,641 -__main__ - INFO - Getting toolbar
2015-06-30 09:03:55,641 -polygon.drawer - INFO - Drawing line from plot
2015-06-30 09:03:55,641 -polygon.drawer - INFO - Checking can draw polygon
2015-06-30 09:03:55,641 -polygon.drawer - INFO - Converting tuple to numpy array
2015-06-30 09:03:55,641 -polygon.drawer - INFO - Converting tuple to numpy array
2015-06-30 09:03:55,641 -polygon.drawer - INFO - Converting tuple to numpy array
2015-06-30 09:03:55,641 -polygon.drawer - INFO - Converting tuple to numpy array
2015-06-30 09:03:55,641 -polygon.drawer - INFO - Checking if intersecting
2015-06-30 09:03:55,641 -polygon.drawer - INFO - Getting point of intersection
2015-06-30 09:03:55,641 -polygon.drawer - INFO - Creating prependicular vector
2015-06-30 09:03:55,923 -polygon.list - INFO - Plotting point
2015-06-30 09:03:55,923 -polygon.drawer - INFO - Plotting point
2015-06-30 09:03:55,923 -__main__ - INFO - Getting toolbar
2015-06-30 09:03:55,923 -polygon.drawer - INFO - Drawing line from plot
2015-06-30 09:03:55,923 -polygon.drawer - INFO - Checking can draw polygon
2015-06-30 09:03:55,923 -polygon.drawer - INFO - Converting tuple to numpy array
2015-06-30 09:03:55,923 -polygon.drawer - INFO - Converting tuple to numpy array
2015-06-30 09:03:55,923 -polygon.drawer - INFO - Converting tuple to numpy array
2015-06-30 09:03:55,923 -polygon.drawer - INFO - Converting tuple to numpy array
2015-06-30 09:03:55,923 -polygon.drawer - INFO - Checking if intersecting
2015-06-30 09:03:55,923 -polygon.drawer - INFO - Getting point of intersection
2015-06-30 09:03:55,923 -polygon.drawer - INFO - Creating prependicular vector
2015-06-30 09:03:55,923 -polygon.drawer - INFO - Converting tuple to numpy array
2015-06-30 09:03:55,923 -polygon.drawer - INFO - Converting tuple to numpy array
2015-06-30 09:03:55,923 -polygon.drawer - INFO - Checking if intersecting
2015-06-30 09:03:55,923 -polygon.drawer - INFO - Getting point of intersection
2015-06-30 09:03:55,923 -polygon.drawer - INFO - Creating prependicular vector
2015-06-30 09:03:58,079 -polygon.list - INFO - Plotting point
2015-06-30 09:03:58,079 -polygon.drawer - INFO - Plotting point
2015-06-30 09:03:58,079 -__main__ - INFO - Getting toolbar
2015-06-30 09:03:58,079 -polygon.drawer - INFO - Drawing line from plot
2015-06-30 09:03:58,079 -polygon.drawer - INFO - Checking can draw polygon
2015-06-30 09:03:58,079 -polygon.drawer - INFO - Converting tuple to numpy array
2015-06-30 09:03:58,079 -polygon.drawer - INFO - Converting tuple to numpy array
2015-06-30 09:03:58,079 -polygon.drawer - INFO - Converting tuple to numpy array
2015-06-30 09:03:58,079 -polygon.drawer - INFO - Converting tuple to numpy array
2015-06-30 09:03:58,079 -polygon.drawer - INFO - Checking if intersecting
2015-06-30 09:03:58,079 -polygon.drawer - INFO - Getting point of intersection
2015-06-30 09:03:58,079 -polygon.drawer - INFO - Creating prependicular vector
2015-06-30 09:03:58,079 -polygon.drawer - INFO - Creating polygon from points
2015-06-30 09:03:58,079 -polygon.drawer - INFO - Converting tuple to numpy array
2015-06-30 09:03:58,079 -polygon.drawer - INFO - Converting tuple to numpy array
2015-06-30 09:03:58,079 -polygon.drawer - INFO - Converting tuple to numpy array
2015-06-30 09:03:58,079 -polygon.drawer - INFO - Converting tuple to numpy array
2015-06-30 09:03:58,079 -polygon.drawer - INFO - Getting point of intersection
2015-06-30 09:03:58,079 -polygon.drawer - INFO - Creating prependicular vector
2015-06-30 09:03:58,079 -polygon.drawer - INFO - Converting numpy array to tuple
2015-06-30 09:03:58,079 -polygon.drawer - INFO - Converting tuple to numpy array
2015-06-30 09:03:58,079 -polygon.drawer - INFO - Converting tuple to numpy array
2015-06-30 09:03:58,079 -polygon.drawer - INFO - Converting tuple to numpy array
2015-06-30 09:03:58,079 -polygon.drawer - INFO - Converting tuple to numpy array
2015-06-30 09:03:58,079 -polygon.drawer - INFO - Getting point of intersection
2015-06-30 09:03:58,079 -polygon.drawer - INFO - Creating prependicular vector
2015-06-30 09:03:58,079 -polygon.drawer - INFO - Converting numpy array to tuple
2015-06-30 09:03:58,079 -polygon.drawer - INFO - Drawing polygon
2015-06-30 09:03:58,079 -polygon.list - INFO - Generated new tag
2015-06-30 09:03:58,079 -polygon.drawer - INFO - Setting tag
2015-06-30 09:03:58,079 -polygon.drawer - INFO - Creating PolygonDrawer
