[2015-07-06 16:53:46,713] [    INFO] --- Instantiating DatabaseManager... (db.py:90)
[2015-07-06 16:53:46,997] [    INFO] --- Starting CALIPSO program... (Calipso.py:400)
[2015-07-06 16:53:47,065] [    INFO] --- Instantiate CALIPSO program... (Calipso.py:403)
[2015-07-06 16:53:47,065] [    INFO] --- Instantiating ToolsWindow... (Calipso.py:64)
[2015-07-06 16:53:47,128] [    INFO] --- Create ShapeManager... (Calipso.py:72)
[2015-07-06 16:53:47,128] [    INFO] --- Defining initial shape manager... (manager.py:30)
[2015-07-06 16:53:47,128] [    INFO] --- Instantiating Exporting Reader... (manager.py:35)
[2015-07-06 16:53:47,128] [    INFO] --- Setting up window... (Calipso.py:407)
[2015-07-06 16:53:47,128] [    INFO] --- Setting up menu... (Calipso.py:409)
[2015-07-06 16:53:47,131] [    INFO] --- Setting up main screen... (Calipso.py:411)
[2015-07-06 16:53:47,131] [    INFO] --- Setting up GUI... (Calipso.py:391)
[2015-07-06 16:53:47,131] [    INFO] --- Creating top screen GUI... (Calipso.py:241)
[2015-07-06 16:53:47,131] [    INFO] --- Setting up toolbar... (toolswindow.py:81)
[2015-07-06 16:53:47,132] [    INFO] --- Creating toolbar buttons... (toolswindow.py:124)
[2015-07-06 16:53:47,137] [    INFO] --- Setting initial plot... (Calipso.py:394)
[2015-07-06 16:53:47,137] [ WARNING] --- set_plot called for BASE_PLOT... (manager.py:143)
[2015-07-06 16:53:48,382] [    INFO] --- Importing HDF file... (Calipso.py:306)
[2015-07-06 16:53:50,959] [    INFO] --- Grabbing range and safe checking... (toolswindow.py:238)
[2015-07-06 16:53:50,959] [    INFO] --- Calling plot... (toolswindow.py:282)
[2015-07-06 16:53:50,959] [    INFO] --- Setting plot to backscattered xrange: (0, 1000) yrange: (0, 20)... (Calipso.py:159)
[2015-07-06 16:53:51,121] [    INFO] --- set_plot to BACKSCATTERED... (manager.py:147)
[2015-07-06 16:53:52,105] [   DEBUG] --- Anchoring 732839, 11... (manager.py:62)
[2015-07-06 16:53:52,107] [   DEBUG] --- Rubberbanding: 463.000000, 350.000000... (manager.py:93)
[2015-07-06 16:53:52,107] [   DEBUG] --- 732839.154562, 11.433121... (shape.py:99)
[2015-07-06 16:53:52,128] [   DEBUG] --- Rubberbanding: 500.000000, 322.000000... (manager.py:93)
[2015-07-06 16:53:52,128] [   DEBUG] --- 732839.154589, 10.318471... (shape.py:99)
[2015-07-06 16:53:52,150] [   DEBUG] --- Rubberbanding: 532.000000, 299.000000... (manager.py:93)
[2015-07-06 16:53:52,150] [   DEBUG] --- 732839.154612, 9.402866... (shape.py:99)
[2015-07-06 16:53:52,151] [   DEBUG] --- Rubberbanding: 551.000000, 287.000000... (manager.py:93)
[2015-07-06 16:53:52,151] [   DEBUG] --- 732839.154626, 8.925159... (shape.py:99)
[2015-07-06 16:53:52,173] [   DEBUG] --- Rubberbanding: 591.000000, 266.000000... (manager.py:93)
[2015-07-06 16:53:52,173] [   DEBUG] --- 732839.154656, 8.089172... (shape.py:99)
[2015-07-06 16:53:52,194] [   DEBUG] --- Rubberbanding: 623.000000, 254.000000... (manager.py:93)
[2015-07-06 16:53:52,194] [   DEBUG] --- 732839.154679, 7.611465... (shape.py:99)
[2015-07-06 16:53:52,213] [   DEBUG] --- Rubberbanding: 635.000000, 251.000000... (manager.py:93)
[2015-07-06 16:53:52,214] [   DEBUG] --- 732839.154688, 7.492038... (shape.py:99)
[2015-07-06 16:53:52,216] [   DEBUG] --- Filling: 732839, 7... (manager.py:106)
[2015-07-06 16:53:52,216] [    INFO] --- Creating rectangle... (manager.py:107)
[2015-07-06 16:53:52,216] [   DEBUG] --- Generating rectangular points... (shape.py:121)
[2015-07-06 16:53:53,382] [   DEBUG] --- Anchoring 732839, 16... (manager.py:62)
[2015-07-06 16:53:53,384] [   DEBUG] --- Rubberbanding: 684.000000, 475.000000... (manager.py:93)
[2015-07-06 16:53:53,384] [   DEBUG] --- 732839.154724, 16.409236... (shape.py:99)
[2015-07-06 16:53:53,405] [   DEBUG] --- Rubberbanding: 711.000000, 456.000000... (manager.py:93)
[2015-07-06 16:53:53,405] [   DEBUG] --- 732839.154744, 15.652866... (shape.py:99)
[2015-07-06 16:53:53,407] [   DEBUG] --- Rubberbanding: 725.000000, 446.000000... (manager.py:93)
[2015-07-06 16:53:53,407] [   DEBUG] --- 732839.154754, 15.254777... (shape.py:99)
[2015-07-06 16:53:53,428] [   DEBUG] --- Rubberbanding: 764.000000, 422.000000... (manager.py:93)
[2015-07-06 16:53:53,428] [   DEBUG] --- 732839.154783, 14.299363... (shape.py:99)
[2015-07-06 16:53:53,450] [   DEBUG] --- Rubberbanding: 821.000000, 388.000000... (manager.py:93)
[2015-07-06 16:53:53,450] [   DEBUG] --- 732839.154825, 12.945860... (shape.py:99)
[2015-07-06 16:53:53,470] [   DEBUG] --- Rubberbanding: 844.000000, 378.000000... (manager.py:93)
[2015-07-06 16:53:53,470] [   DEBUG] --- 732839.154841, 12.547771... (shape.py:99)
[2015-07-06 16:53:53,471] [   DEBUG] --- Rubberbanding: 851.000000, 375.000000... (manager.py:93)
[2015-07-06 16:53:53,471] [   DEBUG] --- 732839.154847, 12.428344... (shape.py:99)
[2015-07-06 16:53:53,493] [   DEBUG] --- Rubberbanding: 857.000000, 374.000000... (manager.py:93)
[2015-07-06 16:53:53,493] [   DEBUG] --- 732839.154851, 12.388535... (shape.py:99)
[2015-07-06 16:53:53,513] [   DEBUG] --- Filling: 732839, 12... (manager.py:106)
[2015-07-06 16:53:53,515] [    INFO] --- Creating rectangle... (manager.py:107)
[2015-07-06 16:53:53,515] [   DEBUG] --- Generating rectangular points... (shape.py:121)
[2015-07-06 16:53:55,313] [   DEBUG] --- Plotting point... (manager.py:75)
[2015-07-06 16:53:55,313] [   DEBUG] --- time coordinage 732839.154752... (shape.py:56)
[2015-07-06 16:53:55,313] [   DEBUG] --- Plotted point at (732839.154752, 6.21815286624)... (shape.py:59)
[2015-07-06 16:53:55,828] [   DEBUG] --- Plotting point... (manager.py:75)
[2015-07-06 16:53:55,828] [   DEBUG] --- time coordinage 732839.154647... (shape.py:56)
[2015-07-06 16:53:55,828] [   DEBUG] --- Plotted point at (732839.154647, 4.62579617834)... (shape.py:59)
[2015-07-06 16:53:55,828] [   DEBUG] --- Drawing line from plot... (shape.py:61)
[2015-07-06 16:53:56,700] [   DEBUG] --- Plotting point... (manager.py:75)
[2015-07-06 16:53:56,700] [   DEBUG] --- time coordinage 732839.154746... (shape.py:56)
[2015-07-06 16:53:56,700] [   DEBUG] --- Plotted point at (732839.154746, 2.95382165605)... (shape.py:59)
[2015-07-06 16:53:56,701] [   DEBUG] --- Drawing line from plot... (shape.py:61)
[2015-07-06 16:53:57,223] [   DEBUG] --- Plotting point... (manager.py:75)
[2015-07-06 16:53:57,223] [   DEBUG] --- time coordinage 732839.154846... (shape.py:56)
[2015-07-06 16:53:57,223] [   DEBUG] --- Plotted point at (732839.154846, 3.55095541401)... (shape.py:59)
[2015-07-06 16:53:57,223] [   DEBUG] --- Drawing line from plot... (shape.py:61)
[2015-07-06 16:53:57,790] [   DEBUG] --- Plotting point... (manager.py:75)
[2015-07-06 16:53:57,790] [   DEBUG] --- time coordinage 732839.154681... (shape.py:56)
[2015-07-06 16:53:57,790] [   DEBUG] --- Plotted point at (732839.154681, 6.29777070064)... (shape.py:59)
[2015-07-06 16:53:57,792] [   DEBUG] --- Drawing line from plot... (shape.py:61)
[2015-07-06 16:53:57,792] [   DEBUG] --- Polygon labled for draw... (shape.py:222)
[2015-07-06 16:53:57,792] [   DEBUG] --- Creating polygon from points... (shape.py:68)
[2015-07-06 16:53:57,792] [    INFO] --- Drawing polygon... (shape.py:227)
[2015-07-06 16:54:00,025] [    INFO] --- Terminated CALIPSO program... (Calipso.py:416)
